{"/Users/harshitpareek/Documents/react-app/stencil-starter/src/components/high-chart/HighChart.tsx": {"path":"/Users/harshitpareek/Documents/react-app/stencil-starter/src/components/high-chart/HighChart.tsx","statementMap":{"0":{"start":{"line":1,"column":0},"end":{"line":1,"column":54}},"1":{"start":{"line":2,"column":0},"end":{"line":2,"column":36}},"2":{"start":{"line":15,"column":2},"end":{"line":29,"column":4}},"3":{"start":{"line":32,"column":4},"end":{"line":39,"column":6}},"4":{"start":{"line":43,"column":4},"end":{"line":43,"column":64}},"5":{"start":{"line":44,"column":4},"end":{"line":44,"column":51}},"6":{"start":{"line":4,"column":0},"end":{"line":4,"column":null}}},"fnMap":{"0":{"name":"(anonymous_1)","decl":{"start":{"line":4,"column":0},"end":{"line":4,"column":null}},"loc":{"start":{"line":4,"column":0},"end":{"line":46,"column":null}}},"1":{"name":"(anonymous_2)","decl":{"start":{"line":31,"column":2},"end":{"line":31,"column":8}},"loc":{"start":{"line":31,"column":8},"end":{"line":40,"column":3}}},"2":{"name":"(anonymous_3)","decl":{"start":{"line":42,"column":2},"end":{"line":42,"column":18}},"loc":{"start":{"line":42,"column":18},"end":{"line":45,"column":3}}}},"branchMap":{},"s":{"0":1,"1":1,"2":1,"3":0,"4":0,"5":0,"6":1},"f":{"0":1,"1":0,"2":0},"b":{}}
}
